SF:lib/trending_movies/data/service/trending_movie_service.dart
DA:16,1
DA:19,0
DA:21,1
DA:25,2
DA:26,2
DA:28,2
DA:29,2
LF:7
LH:6
end_of_record
SF:lib/trending_movies/data/trending_movie_repository.dart
DA:11,1
DA:14,1
DA:16,2
LF:3
LH:3
end_of_record
SF:lib/trending_movies/data/service/trending_movies_response.dart
DA:5,1
DA:22,1
DA:23,1
DA:24,1
DA:25,1
DA:26,1
DA:27,1
DA:28,1
DA:29,1
DA:30,1
DA:31,1
DA:32,1
DA:33,1
DA:34,1
DA:35,1
DA:36,1
DA:37,1
DA:38,1
DA:57,0
DA:58,0
DA:59,0
DA:60,0
DA:61,0
DA:66,1
DA:68,1
DA:69,1
DA:70,1
DA:71,1
DA:72,3
DA:73,1
DA:78,0
DA:79,0
LF:32
LH:25
end_of_record
SF:lib/shared/config.dart
DA:4,2
DA:5,3
LF:2
LH:2
end_of_record
SF:lib/trending_movies/domain/trending_movie_interactor.dart
DA:11,1
DA:14,1
DA:16,2
LF:3
LH:3
end_of_record
