SF:lib/trending_movies/data/service/trending_movie_service.dart
DA:16,1
DA:19,0
DA:21,1
DA:25,2
DA:26,2
DA:28,2
DA:29,2
LF:7
LH:6
end_of_record
SF:lib/trending_movies/data/service/trending_movies_response.dart
DA:5,0
DA:22,0
DA:23,0
DA:24,0
DA:25,0
DA:26,0
DA:27,0
DA:28,0
DA:29,0
DA:30,0
DA:31,0
DA:32,0
DA:33,0
DA:34,0
DA:35,0
DA:36,0
DA:37,0
DA:38,0
DA:57,0
DA:58,0
DA:59,0
DA:60,0
DA:61,0
DA:66,1
DA:68,1
DA:69,1
DA:70,1
DA:71,1
DA:72,1
DA:73,1
DA:78,0
DA:79,0
LF:32
LH:7
end_of_record
SF:lib/trending_movies/data/trending_movie_repository.dart
DA:11,1
DA:14,1
DA:16,2
LF:3
LH:3
end_of_record
SF:lib/shared/config.dart
DA:4,2
DA:5,3
LF:2
LH:2
end_of_record
SF:lib/trending_movies/domain/trending_movie_interactor.dart
DA:11,1
DA:14,1
DA:16,2
LF:3
LH:3
end_of_record
