SF:lib/character/data/character_repository.dart
DA:11,1
DA:15,1
DA:17,2
LF:3
LH:3
end_of_record
SF:lib/character/data/service/character_response.dart
DA:4,1
DA:5,1
DA:6,1
DA:7,1
DA:8,1
DA:9,1
DA:12,1
DA:18,0
DA:19,0
DA:23,0
DA:25,0
DA:26,0
DA:27,0
DA:28,0
DA:34,0
DA:35,0
DA:39,0
DA:48,0
DA:49,0
DA:50,0
DA:51,0
DA:52,0
DA:53,0
DA:54,0
DA:55,0
DA:56,0
DA:67,0
DA:68,0
DA:72,1
DA:74,1
DA:75,1
DA:76,2
DA:77,1
DA:78,1
DA:79,1
DA:84,0
DA:85,0
LF:37
LH:14
end_of_record
SF:lib/character/data/service/character_service.dart
DA:14,1
DA:19,1
DA:22,4
DA:24,1
DA:26,2
DA:27,2
DA:30,2
LF:7
LH:7
end_of_record
SF:lib/details/data/details_repository.dart
DA:11,0
DA:15,0
DA:17,0
LF:3
LH:0
end_of_record
SF:lib/details/data/service/character_details_response.dart
DA:5,0
DA:14,0
DA:15,0
DA:16,0
DA:17,0
DA:18,0
DA:19,0
DA:20,0
DA:21,0
DA:22,0
DA:23,0
DA:24,0
DA:35,0
DA:36,0
DA:37,0
DA:38,0
DA:39,0
DA:40,0
DA:41,0
DA:42,0
DA:43,0
LF:21
LH:0
end_of_record
SF:lib/details/presentation/bloc/character_details_state.dart
DA:4,1
DA:6,1
DA:7,1
DA:17,1
DA:21,1
DA:22,2
LF:6
LH:6
end_of_record
SF:lib/details/presentation/bloc/character_details_event.dart
DA:4,1
DA:6,0
DA:7,0
DA:11,1
DA:15,0
DA:16,0
LF:6
LH:2
end_of_record
SF:lib/details/presentation/bloc/character_details_bloc.dart
DA:15,1
DA:16,2
DA:17,2
DA:22,1
DA:25,2
DA:26,2
DA:27,3
DA:29,2
LF:8
LH:8
end_of_record
SF:lib/details/data/service/character_details_service.dart
DA:11,0
DA:14,0
DA:17,0
DA:18,0
DA:19,0
DA:21,0
DA:22,0
DA:23,0
DA:25,0
DA:26,0
DA:30,0
DA:31,0
DA:32,0
DA:34,0
LF:14
LH:0
end_of_record
SF:lib/details/data/service/character_details_location_response.dart
DA:4,0
DA:7,0
DA:9,0
DA:10,0
DA:11,0
DA:12,0
DA:19,0
DA:20,0
LF:8
LH:0
end_of_record
SF:lib/character/presentation/widgets/circle_widget.dart
DA:7,1
DA:11,1
DA:15,2
DA:17,2
DA:23,1
DA:26,1
LF:6
LH:6
end_of_record
SF:lib/shared/widgets/default_try_again_widget.dart
DA:4,1
DA:8,1
DA:9,1
DA:11,1
DA:13,1
DA:14,1
DA:16,3
DA:19,2
LF:8
LH:8
end_of_record
